<?xml version="1.0" encoding="UTF-8"?>
<testng-results skipped="0" failed="0" total="1" passed="1">
  <reporter-output>
  </reporter-output>
  <suite name="Default suite" duration-ms="35530" started-at="2017-03-21T06:41:01Z" finished-at="2017-03-21T06:41:36Z">
    <groups>
    </groups>
    <test name="Default test" duration-ms="35530" started-at="2017-03-21T06:41:01Z" finished-at="2017-03-21T06:41:36Z">
      <class name="gmailaccount.fileinputstream">
        <test-method status="PASS" signature="login()[pri:0, instance:gmailaccount.fileinputstream@58651fd0]" name="login" duration-ms="35503" started-at="2017-03-20T23:41:01Z" finished-at="2017-03-20T23:41:36Z">
          <reporter-output>
          </reporter-output>
        </test-method> <!-- login -->
      </class> <!-- gmailaccount.fileinputstream -->
    </test> <!-- Default test -->
  </suite> <!-- Default suite -->
</testng-results>
